<?xml version="1.0" encoding="UTF-8"?>
<!-- Generated by org.testng.reporters.JUnitReportReporter -->
<testsuite hostname="LAPTOP-E6SRQGTN" failures="0" tests="1" name="selenium.ElementByName" time="5.060" errors="0" timestamp="2022-07-26T14:41:46 IST" skipped="0">
  <testcase classname="selenium.ElementByName" name="testByName" time="5.060"/>
  <system-out/>
</testsuite> <!-- selenium.ElementByName -->
