<?xml version="1.0" encoding="UTF-8"?>
<!-- Generated by org.testng.reporters.JUnitReportReporter -->
<testsuite hostname="LAPTOP-E6SRQGTN" failures="0" tests="1" name="selenium.RadioButtonExample" time="5.739" errors="0" timestamp="2022-07-20T21:37:29 IST" skipped="0">
  <testcase classname="selenium.RadioButtonExample" name="f" time="5.739"/>
  <system-out/>
</testsuite> <!-- selenium.RadioButtonExample -->
