<?xml version="1.0" encoding="UTF-8"?>
<!-- Generated by org.testng.reporters.JUnitReportReporter -->
<testsuite hostname="LAPTOP-E6SRQGTN" failures="0" tests="2" name="selenium.HardAssertionExample" time="7.215" errors="0" timestamp="2022-07-19T11:20:46 IST" skipped="0">
  <testcase classname="selenium.HardAssertionExample" name="testHardAssertion" time="2.111"/>
  <system-out/>
  <testcase classname="selenium.HardAssertionExample" name="testHardAssertion2" time="5.104"/>
  <system-out/>
</testsuite> <!-- selenium.HardAssertionExample -->
