<?xml version="1.0" encoding="UTF-8"?>
<!-- Generated by org.testng.reporters.JUnitReportReporter -->
<testsuite hostname="LAPTOP-E6SRQGTN" failures="0" tests="2" name="selenium.MyTestNGClass" time="8.539" errors="0" timestamp="2022-07-20T19:33:00 IST" skipped="0">
  <testcase classname="selenium.MyTestNGClass" name="runTest" time="4.479"/>
  <system-out/>
  <testcase classname="selenium.MyTestNGClass" name="runTest2" time="4.060"/>
  <system-out/>
</testsuite> <!-- selenium.MyTestNGClass -->
