<?xml version="1.0" encoding="UTF-8"?>
<!-- Generated by org.testng.reporters.JUnitReportReporter -->
<testsuite hostname="LAPTOP-E6SRQGTN" failures="0" tests="1" name="selenium.ImplicitTestNG" time="6.615" errors="0" timestamp="2022-07-20T20:15:38 IST" skipped="0">
  <testcase classname="selenium.ImplicitTestNG" name="f" time="6.615"/>
  <system-out/>
</testsuite> <!-- selenium.ImplicitTestNG -->
