<?xml version="1.0" encoding="UTF-8"?>
<!-- Generated by org.testng.reporters.JUnitReportReporter -->
<testsuite hostname="LAPTOP-E6SRQGTN" failures="0" tests="1" name="selenium.ElementById" time="9.451" errors="0" timestamp="2022-07-20T20:36:45 IST" skipped="0">
  <testcase classname="selenium.ElementById" name="testById" time="9.451"/>
  <system-out/>
</testsuite> <!-- selenium.ElementById -->
