<?xml version="1.0" encoding="UTF-8"?>
<!-- Generated by org.testng.reporters.JUnitReportReporter -->
<testsuite hostname="LAPTOP-E6SRQGTN" failures="0" tests="1" name="selenium.ExplicitTestNG" time="14.832" errors="0" timestamp="2022-07-20T22:12:44 IST" skipped="0">
  <testcase classname="selenium.ExplicitTestNG" name="f" time="14.832"/>
  <system-out/>
</testsuite> <!-- selenium.ExplicitTestNG -->
