<?xml version="1.0" encoding="UTF-8"?>
<!-- Generated by org.testng.reporters.JUnitReportReporter -->
<testsuite hostname="LAPTOP-E6SRQGTN" failures="0" tests="1" name="selenium.ViratKholi" time="6.379" errors="0" timestamp="2022-07-23T15:23:12 IST" skipped="0">
  <testcase classname="selenium.ViratKholi" name="f" time="6.379"/>
  <system-out/>
</testsuite> <!-- selenium.ViratKholi -->
