<?xml version="1.0" encoding="UTF-8"?>
<!-- Generated by org.testng.reporters.JUnitReportReporter -->
<testsuite hostname="LAPTOP-E6SRQGTN" failures="0" tests="1" name="selenium.ElementByXpath" time="6.596" errors="0" timestamp="2022-07-20T20:49:58 IST" skipped="0">
  <testcase classname="selenium.ElementByXpath" name="testByXpath" time="6.596"/>
  <system-out/>
</testsuite> <!-- selenium.ElementByXpath -->
